<?xml version="1.0" encoding="UTF-8"?>
<!-- Generated by org.testng.reporters.JUnitReportReporter -->
<testsuite skipped="0" hostname="Bhargav" name="TestScripts.TestScript002_Test" tests="1" failures="0" timestamp="2024-06-10T15:18:32 IST" time="16.607" errors="0">
  <testcase name="TestScript001_Test" time="16.607" classname="TestScripts.TestScript002_Test"/>
  <system-out/>
</testsuite> <!-- TestScripts.TestScript002_Test -->
