<?xml version="1.0" encoding="UTF-8"?>
<!-- Generated by org.testng.reporters.JUnitReportReporter -->
<testsuite skipped="0" hostname="Bhargav" name="TestScripts.TestScript003_Test" tests="1" failures="0" timestamp="2024-06-10T15:24:02 IST" time="13.673" errors="0">
  <testcase name="TestScript001_Test" time="13.673" classname="TestScripts.TestScript003_Test"/>
  <system-out/>
</testsuite> <!-- TestScripts.TestScript003_Test -->
