<?xml version="1.0" encoding="UTF-8"?>
<!-- Generated by org.testng.reporters.JUnitReportReporter -->
<testsuite skipped="0" hostname="Bhargav" name="TestScripts.TestScript005_Test" tests="1" failures="0" timestamp="2024-06-10T15:35:33 IST" time="10.139" errors="0">
  <testcase name="TestScript001_Test" time="10.139" classname="TestScripts.TestScript005_Test"/>
  <system-out/>
</testsuite> <!-- TestScripts.TestScript005_Test -->
