<?xml version="1.0" encoding="UTF-8"?>
<!-- Generated by org.testng.reporters.JUnitReportReporter -->
<testsuite skipped="0" hostname="Bhargav" name="TestScripts.TestScript001_Test" tests="1" failures="0" timestamp="2024-06-07T16:16:05 IST" time="8.312" errors="0">
  <testcase name="TestScript001_Test" time="8.312" classname="TestScripts.TestScript001_Test"/>
  <system-out/>
</testsuite> <!-- TestScripts.TestScript001_Test -->
