<?xml version="1.0" encoding="UTF-8"?>
<!-- Generated by org.testng.reporters.JUnitReportReporter -->
<testsuite skipped="0" hostname="Bhargav" name="TestScripts.TestScript004_Test" tests="1" failures="0" timestamp="2024-06-10T15:33:39 IST" time="9.272" errors="0">
  <testcase name="TestScript001_Test" time="9.272" classname="TestScripts.TestScript004_Test"/>
  <system-out/>
</testsuite> <!-- TestScripts.TestScript004_Test -->
